C:\USERS\KYLER\PROGRAMING STUFFS\KNOCKBACK\DEBUG\KNOCKBACK.EXE
C:\Users\Kyler\Programing Stuffs\Knockback\Debug\Knockback.pdb
C:\Users\Kyler\Programing Stuffs\Knockback\Knockback\Debug\cl.command.1.tlog
C:\Users\Kyler\Programing Stuffs\Knockback\Knockback\Debug\CL.read.1.tlog
C:\Users\Kyler\Programing Stuffs\Knockback\Knockback\Debug\CL.write.1.tlog
C:\USERS\KYLER\PROGRAMING STUFFS\KNOCKBACK\KNOCKBACK\DEBUG\FILES.OBJ
C:\USERS\KYLER\PROGRAMING STUFFS\KNOCKBACK\KNOCKBACK\DEBUG\GAME.OBJ
C:\USERS\KYLER\PROGRAMING STUFFS\KNOCKBACK\KNOCKBACK\DEBUG\INPUT.OBJ
C:\Users\Kyler\Programing Stuffs\Knockback\Knockback\Debug\Knockback.exe.intermediate.manifest
C:\Users\Kyler\Programing Stuffs\Knockback\Knockback\Debug\Knockback.vcxprojResolveAssemblyReference.cache
C:\Users\Kyler\Programing Stuffs\Knockback\Knockback\Debug\Knockback.write.1.tlog
C:\Users\Kyler\Programing Stuffs\Knockback\Knockback\Debug\link.command.1.tlog
C:\Users\Kyler\Programing Stuffs\Knockback\Knockback\Debug\link.read.1.tlog
C:\Users\Kyler\Programing Stuffs\Knockback\Knockback\Debug\link.write.1.tlog
C:\USERS\KYLER\PROGRAMING STUFFS\KNOCKBACK\KNOCKBACK\DEBUG\MATH.OBJ
C:\Users\Kyler\Programing Stuffs\Knockback\Knockback\Debug\mt.command.1.tlog
C:\Users\Kyler\Programing Stuffs\Knockback\Knockback\Debug\mt.read.1.tlog
C:\Users\Kyler\Programing Stuffs\Knockback\Knockback\Debug\mt.write.1.tlog
C:\USERS\KYLER\PROGRAMING STUFFS\KNOCKBACK\KNOCKBACK\DEBUG\PLATFORM.OBJ
C:\Users\Kyler\Programing Stuffs\Knockback\Knockback\Debug\vc100.idb
C:\USERS\KYLER\PROGRAMING STUFFS\KNOCKBACK\KNOCKBACK\DEBUG\VC100.PDB
