Build started 8/1/2014 10:12:06 PM.
     1>Project "C:\Users\Kyler\Programing Stuffs\Knockback\Knockback\Knockback.vcxproj" on node 2 (build target(s)).
     1>InitializeBuildStatus:
         Creating "Debug\Knockback.unsuccessfulbuild" because "AlwaysCreate" was specified.
       ClCompile:
         All outputs are up-to-date.
       Link:
         c:\Program Files (x86)\Microsoft Visual Studio 10.0\VC\bin\link.exe /ERRORREPORT:PROMPT /OUT:"C:\Users\Kyler\Programing Stuffs\Knockback\Debug\Knockback.exe" /NOLOGO /LIBPATH:"C:\Program Files (x86)\Microsoft DirectX SDK (June 2010)\\Lib\x86" /LIBPATH:"C:\Users\Kyler\Programing Stuffs\Knockback\glew-1.10.0\lib" opengl32.lib glu32.lib glew32.lib winmm.lib dsound.lib dxguid.lib kernel32.lib user32.lib gdi32.lib winspool.lib comdlg32.lib advapi32.lib shell32.lib ole32.lib oleaut32.lib uuid.lib odbc32.lib odbccp32.lib /MANIFEST /ManifestFile:"Debug\Knockback.exe.intermediate.manifest" /MANIFESTUAC:"level='asInvoker' uiAccess='false'" /DEBUG /PDB:"C:\Users\Kyler\Programing Stuffs\Knockback\Debug\Knockback.pdb" /TLBID:1 /DYNAMICBASE /NXCOMPAT /IMPLIB:"C:\Users\Kyler\Programing Stuffs\Knockback\Debug\Knockback.lib" /MACHINE:X86 Debug\Files.obj
         Debug\Game.obj
         Debug\Input.obj
         Debug\Math.obj
         Debug\Platform.obj
         Debug\RenderingStructs.obj
         LINK : C:\Users\Kyler\Programing Stuffs\Knockback\Debug\Knockback.exe not found or not built by the last incremental link; performing full link
         Knockback.vcxproj -> C:\Users\Kyler\Programing Stuffs\Knockback\Debug\Knockback.exe
       Manifest:
         C:\Program Files (x86)\Microsoft SDKs\Windows\v7.0A\bin\mt.exe /nologo /verbose /outputresource:"C:\Users\Kyler\Programing Stuffs\Knockback\Debug\Knockback.exe;#1" /manifest Debug\Knockback.exe.intermediate.manifest
       FinalizeBuildStatus:
         Deleting file "Debug\Knockback.unsuccessfulbuild".
         Touching "Debug\Knockback.lastbuildstate".
     1>Done Building Project "C:\Users\Kyler\Programing Stuffs\Knockback\Knockback\Knockback.vcxproj" (build target(s)).

Build succeeded.

Time Elapsed 00:00:00.76
